mode: set
github.com/MarcGrol/microgen/tourApp/tour/interface.go:71.84,72.36 1 1
github.com/MarcGrol/microgen/tourApp/tour/interface.go:91.2,91.12 1 1
github.com/MarcGrol/microgen/tourApp/tour/interface.go:72.36,73.32 1 1
github.com/MarcGrol/microgen/tourApp/tour/interface.go:74.3,76.9 2 1
github.com/MarcGrol/microgen/tourApp/tour/interface.go:77.3,79.9 2 1
github.com/MarcGrol/microgen/tourApp/tour/interface.go:80.3,82.9 2 1
github.com/MarcGrol/microgen/tourApp/tour/interface.go:83.3,85.9 2 0
github.com/MarcGrol/microgen/tourApp/tour/interface.go:87.3,88.80 1 0
github.com/MarcGrol/microgen/tourApp/tour/logic.go:29.92,34.2 4 0
github.com/MarcGrol/microgen/tourApp/tour/logic.go:36.53,39.2 1 0
github.com/MarcGrol/microgen/tourApp/tour/logic.go:46.91,51.2 4 1
github.com/MarcGrol/microgen/tourApp/tour/logic.go:53.91,56.2 1 1
github.com/MarcGrol/microgen/tourApp/tour/logic.go:58.89,60.16 2 1
github.com/MarcGrol/microgen/tourApp/tour/logic.go:65.2,66.19 2 1
github.com/MarcGrol/microgen/tourApp/tour/logic.go:70.2,75.74 3 1
github.com/MarcGrol/microgen/tourApp/tour/logic.go:60.16,62.3 1 0
github.com/MarcGrol/microgen/tourApp/tour/logic.go:66.19,68.3 1 0
github.com/MarcGrol/microgen/tourApp/tour/logic.go:78.97,81.2 1 1
github.com/MarcGrol/microgen/tourApp/tour/logic.go:83.95,85.16 2 1
github.com/MarcGrol/microgen/tourApp/tour/logic.go:90.2,91.20 2 1
github.com/MarcGrol/microgen/tourApp/tour/logic.go:96.2,104.77 2 1
github.com/MarcGrol/microgen/tourApp/tour/logic.go:85.16,87.3 1 0
github.com/MarcGrol/microgen/tourApp/tour/logic.go:91.20,93.3 1 0
github.com/MarcGrol/microgen/tourApp/tour/logic.go:107.95,110.2 1 1
github.com/MarcGrol/microgen/tourApp/tour/logic.go:112.93,115.16 3 1
github.com/MarcGrol/microgen/tourApp/tour/logic.go:120.2,121.20 2 1
github.com/MarcGrol/microgen/tourApp/tour/logic.go:126.2,137.76 2 1
github.com/MarcGrol/microgen/tourApp/tour/logic.go:115.16,117.3 1 0
github.com/MarcGrol/microgen/tourApp/tour/logic.go:121.20,123.3 1 0
github.com/MarcGrol/microgen/tourApp/tour/logic.go:140.107,142.2 1 0
github.com/MarcGrol/microgen/tourApp/tour/logic.go:144.75,147.20 2 1
github.com/MarcGrol/microgen/tourApp/tour/logic.go:150.2,152.18 2 1
github.com/MarcGrol/microgen/tourApp/tour/logic.go:147.20,149.3 1 0
github.com/MarcGrol/microgen/tourApp/tour/logic.go:155.85,156.32 1 1
github.com/MarcGrol/microgen/tourApp/tour/logic.go:166.2,166.12 1 1
github.com/MarcGrol/microgen/tourApp/tour/logic.go:156.32,158.17 2 1
github.com/MarcGrol/microgen/tourApp/tour/logic.go:161.3,162.17 2 1
github.com/MarcGrol/microgen/tourApp/tour/logic.go:158.17,160.4 1 0
github.com/MarcGrol/microgen/tourApp/tour/logic.go:162.17,164.4 1 0
github.com/MarcGrol/microgen/tourApp/tour/logic.go:169.63,171.47 2 1
github.com/MarcGrol/microgen/tourApp/tour/logic.go:175.2,177.19 3 1
github.com/MarcGrol/microgen/tourApp/tour/logic.go:171.47,173.3 1 1
github.com/MarcGrol/microgen/tourApp/tour/logic.go:201.22,206.2 4 1
github.com/MarcGrol/microgen/tourApp/tour/logic.go:208.60,215.2 2 1
github.com/MarcGrol/microgen/tourApp/tour/logic.go:217.66,228.2 6 1
github.com/MarcGrol/microgen/tourApp/tour/logic.go:230.64,245.2 9 1
github.com/MarcGrol/microgen/tourApp/tour/logic.go:247.78,250.2 1 0
github.com/MarcGrol/microgen/tourApp/tour/start.go:16.69,19.16 2 0
github.com/MarcGrol/microgen/tourApp/tour/start.go:24.2,25.16 2 0
github.com/MarcGrol/microgen/tourApp/tour/start.go:30.2,37.12 5 0
github.com/MarcGrol/microgen/tourApp/tour/start.go:19.16,21.3 1 0
github.com/MarcGrol/microgen/tourApp/tour/start.go:25.16,27.3 1 0
github.com/MarcGrol/microgen/tourApp/tour/start.go:40.71,43.2 3 0
github.com/MarcGrol/microgen/tourApp/tour/start.go:101.2,103.12 2 0
github.com/MarcGrol/microgen/tourApp/tour/start.go:43.2,44.47 1 0
github.com/MarcGrol/microgen/tourApp/tour/start.go:57.3,57.42 1 0
github.com/MarcGrol/microgen/tourApp/tour/start.go:71.3,71.55 1 0
github.com/MarcGrol/microgen/tourApp/tour/start.go:85.3,85.56 1 0
github.com/MarcGrol/microgen/tourApp/tour/start.go:44.47,46.18 2 0
github.com/MarcGrol/microgen/tourApp/tour/start.go:50.4,51.18 2 0
github.com/MarcGrol/microgen/tourApp/tour/start.go:55.4,55.22 1 0
github.com/MarcGrol/microgen/tourApp/tour/start.go:46.18,49.5 2 0
github.com/MarcGrol/microgen/tourApp/tour/start.go:51.18,54.5 2 0
github.com/MarcGrol/microgen/tourApp/tour/start.go:57.42,60.19 3 0
github.com/MarcGrol/microgen/tourApp/tour/start.go:64.4,65.18 2 0
github.com/MarcGrol/microgen/tourApp/tour/start.go:69.4,69.40 1 0
github.com/MarcGrol/microgen/tourApp/tour/start.go:60.19,63.5 2 0
github.com/MarcGrol/microgen/tourApp/tour/start.go:65.18,68.5 2 0
github.com/MarcGrol/microgen/tourApp/tour/start.go:71.55,74.19 3 0
github.com/MarcGrol/microgen/tourApp/tour/start.go:78.4,79.18 2 0
github.com/MarcGrol/microgen/tourApp/tour/start.go:83.4,83.40 1 0
github.com/MarcGrol/microgen/tourApp/tour/start.go:74.19,77.5 2 0
github.com/MarcGrol/microgen/tourApp/tour/start.go:79.18,82.5 2 0
github.com/MarcGrol/microgen/tourApp/tour/start.go:85.56,88.19 3 0
github.com/MarcGrol/microgen/tourApp/tour/start.go:92.4,93.18 2 0
github.com/MarcGrol/microgen/tourApp/tour/start.go:97.4,97.40 1 0
github.com/MarcGrol/microgen/tourApp/tour/start.go:88.19,91.5 2 0
github.com/MarcGrol/microgen/tourApp/tour/start.go:93.18,96.5 2 0
github.com/MarcGrol/microgen/tourApp/tour/start.go:106.55,111.16 3 0
github.com/MarcGrol/microgen/tourApp/tour/start.go:114.2,116.16 3 0
github.com/MarcGrol/microgen/tourApp/tour/start.go:119.2,119.16 1 0
github.com/MarcGrol/microgen/tourApp/tour/start.go:111.16,113.3 1 0
github.com/MarcGrol/microgen/tourApp/tour/start.go:116.16,118.3 1 0
github.com/MarcGrol/microgen/tourApp/tour/start.go:122.68,124.16 2 0
github.com/MarcGrol/microgen/tourApp/tour/start.go:127.2,127.17 1 0
github.com/MarcGrol/microgen/tourApp/tour/start.go:124.16,126.3 1 0
