mode: set
github.com/MarcGrol/microgen/tourApp/client/client.go:22.41,26.2 3 1
github.com/MarcGrol/microgen/tourApp/client/client.go:38.45,39.18 1 1
github.com/MarcGrol/microgen/tourApp/client/client.go:47.2,47.14 1 1
github.com/MarcGrol/microgen/tourApp/client/client.go:39.18,46.3 4 1
github.com/MarcGrol/microgen/tourApp/client/client.go:50.86,51.18 1 1
github.com/MarcGrol/microgen/tourApp/client/client.go:63.2,63.14 1 1
github.com/MarcGrol/microgen/tourApp/client/client.go:51.18,62.3 4 1
github.com/MarcGrol/microgen/tourApp/client/client.go:66.128,67.18 1 1
github.com/MarcGrol/microgen/tourApp/client/client.go:83.2,83.14 1 1
github.com/MarcGrol/microgen/tourApp/client/client.go:67.18,82.3 4 1
github.com/MarcGrol/microgen/tourApp/client/client.go:87.100,88.18 1 1
github.com/MarcGrol/microgen/tourApp/client/client.go:103.2,103.14 1 1
github.com/MarcGrol/microgen/tourApp/client/client.go:88.18,102.3 4 1
github.com/MarcGrol/microgen/tourApp/client/client.go:106.84,107.18 1 1
github.com/MarcGrol/microgen/tourApp/client/client.go:118.2,118.14 1 1
github.com/MarcGrol/microgen/tourApp/client/client.go:107.18,117.3 4 1
github.com/MarcGrol/microgen/tourApp/client/client.go:121.90,122.18 1 1
github.com/MarcGrol/microgen/tourApp/client/client.go:135.2,135.14 1 1
github.com/MarcGrol/microgen/tourApp/client/client.go:122.18,134.3 4 1
github.com/MarcGrol/microgen/tourApp/client/client.go:138.52,141.16 2 1
github.com/MarcGrol/microgen/tourApp/client/client.go:145.2,149.16 3 1
github.com/MarcGrol/microgen/tourApp/client/client.go:154.2,155.16 2 1
github.com/MarcGrol/microgen/tourApp/client/client.go:160.2,160.46 1 1
github.com/MarcGrol/microgen/tourApp/client/client.go:178.2,180.12 2 1
github.com/MarcGrol/microgen/tourApp/client/client.go:141.16,143.3 1 0
github.com/MarcGrol/microgen/tourApp/client/client.go:149.16,151.3 1 0
github.com/MarcGrol/microgen/tourApp/client/client.go:155.16,157.3 1 1
github.com/MarcGrol/microgen/tourApp/client/client.go:160.46,162.39 2 1
github.com/MarcGrol/microgen/tourApp/client/client.go:165.3,165.64 1 1
github.com/MarcGrol/microgen/tourApp/client/client.go:162.39,164.4 1 1
github.com/MarcGrol/microgen/tourApp/client/client.go:165.64,167.4 1 1
github.com/MarcGrol/microgen/tourApp/client/client.go:167.4,167.60 1 1
github.com/MarcGrol/microgen/tourApp/client/client.go:167.60,169.4 1 1
github.com/MarcGrol/microgen/tourApp/client/client.go:169.4,169.62 1 1
github.com/MarcGrol/microgen/tourApp/client/client.go:169.62,171.4 1 1
github.com/MarcGrol/microgen/tourApp/client/client.go:171.4,171.64 1 1
github.com/MarcGrol/microgen/tourApp/client/client.go:171.64,173.4 1 1
github.com/MarcGrol/microgen/tourApp/client/client.go:173.4,175.4 1 1
github.com/MarcGrol/microgen/tourApp/client/client.go:183.64,187.16 4 1
github.com/MarcGrol/microgen/tourApp/client/client.go:190.2,190.26 1 1
github.com/MarcGrol/microgen/tourApp/client/client.go:187.16,189.3 1 0
github.com/MarcGrol/microgen/tourApp/client/client.go:193.68,197.16 4 1
github.com/MarcGrol/microgen/tourApp/client/client.go:200.2,200.34 1 1
github.com/MarcGrol/microgen/tourApp/client/client.go:197.16,199.3 1 1
